<?xml version="1.0" encoding="UTF-8"?>
<robot generator="Robot 7.4.2 (Python 3.11.9 on win32)" generated="2026-09-13T21:51:10.933943" rpa="false" schemaversion="5">
<suite id="s1" name="Example" source="C:\ThirdYearTerm1\Sqa\Lab11\example\example.robot">
<test id="s1-t1" name="Go To homepage" line="9">
<kw name="Open Browser" owner="SeleniumLibrary">
<msg time="2026-09-13T21:51:11.229985" level="INFO">Opening browser 'Firefox' to base url 'http://www.google.com'.</msg>
<arg>${HOMEPAGE}</arg>
<arg>${BROWSER}</arg>
<doc>Opens a new browser instance to the optional ``url``.</doc>
<status status="PASS" start="2026-09-13T21:51:11.228985" elapsed="8.561829"/>
</kw>
<status status="PASS" start="2026-09-13T21:51:11.228985" elapsed="8.561829"/>
</test>
<status status="PASS" start="2026-09-13T21:51:10.935946" elapsed="8.854868"/>
</suite>
<statistics>
<total>
<stat pass="1" fail="0" skip="0">All Tests</stat>
</total>
<tag>
</tag>
<suite>
<stat name="Example" id="s1" pass="1" fail="0" skip="0">Example</stat>
</suite>
</statistics>
<errors>
</errors>
</robot>
